<?xml version="1.0" encoding="UTF-8"?>
<!-- Generated by org.testng.reporters.JUnitXMLReporter -->
<testsuite ignored="0" hostname="Victus" failures="0" tests="3" name="Default test" time="0.071" errors="0" timestamp="2024-07-15T15:33:31 WIB">
  <testcase classname="listeners.TestNGlistenerDemo" name="test1" time="0.013"/>
  <testcase classname="listeners.TestNGlistenerDemo" name="test2" time="0.002"/>
  <testcase classname="listeners.TestNGlistenerDemo" name="test3" time="0.004"/>
</testsuite> <!-- Default test -->
