<?xml version="1.0" encoding="UTF-8"?>
<!-- Generated by org.testng.reporters.JUnitXMLReporter -->
<testsuite ignored="2" hostname="Victus" failures="0" tests="2" name="Test1" time="0.044" errors="0" timestamp="2024-07-16T10:39:37 WIB">
  <testcase classname="listeners.TestNGlistenerDemo" name="test1" time="0.007"/>
  <testcase classname="listeners.TestNGlistenerDemo" name="test2" time="0.004"/>
  <testcase classname="listeners.TestNGlistenerDemo" name="test3" time="0.0">
    <ignored/>
  </testcase> <!-- test3 -->
  <testcase classname="listeners.TestNGlistenerDemo" name="test4" time="0.0">
    <ignored/>
  </testcase> <!-- test4 -->
</testsuite> <!-- Test1 -->
