<?xml version="1.0" encoding="UTF-8"?>
<testng-results ignored="0" total="2" passed="2" failed="0" skipped="0">
  <reporter-output>
  </reporter-output>
  <suite started-at="2024-07-16T10:39:37 WIB" name="Suite1" finished-at="2024-07-16T10:39:37 WIB" duration-ms="44">
    <groups>
      <group name="smoke">
        <method signature="TestNGlistenerDemo.test2()[pri:0, instance:listeners.TestNGlistenerDemo@4a83a74a]" name="test2" class="listeners.TestNGlistenerDemo"/>
      </group> <!-- smoke -->
      <group name="sanity">
        <method signature="TestNGlistenerDemo.test1()[pri:0, instance:listeners.TestNGlistenerDemo@4a83a74a]" name="test1" class="listeners.TestNGlistenerDemo"/>
        <method signature="TestNGlistenerDemo.test2()[pri:0, instance:listeners.TestNGlistenerDemo@4a83a74a]" name="test2" class="listeners.TestNGlistenerDemo"/>
      </group> <!-- sanity -->
    </groups>
    <test started-at="2024-07-16T10:39:37 WIB" name="Test1" finished-at="2024-07-16T10:39:37 WIB" duration-ms="44">
      <class name="listeners.TestNGlistenerDemo">
        <test-method signature="test1()[pri:0, instance:listeners.TestNGlistenerDemo@4a83a74a]" started-at="2024-07-16T10:39:37 WIB" name="test1" finished-at="2024-07-16T10:39:37 WIB" duration-ms="7" status="PASS">
          <reporter-output>
          </reporter-output>
        </test-method> <!-- test1 -->
        <test-method signature="test2()[pri:0, instance:listeners.TestNGlistenerDemo@4a83a74a]" started-at="2024-07-16T10:39:37 WIB" name="test2" finished-at="2024-07-16T10:39:37 WIB" duration-ms="4" status="PASS">
          <reporter-output>
          </reporter-output>
        </test-method> <!-- test2 -->
      </class> <!-- listeners.TestNGlistenerDemo -->
    </test> <!-- Test1 -->
  </suite> <!-- Suite1 -->
</testng-results>
